error (ignored): SQLite database '/Users/jrudnik/.cache/nix/eval-cache-v6/9b96818357129bb012de156bf838cefd84c251dcce38742a0305952315e4b13e.sqlite' is busy
these 282 derivations will be built:
  /nix/store/3xn2i4kbc424wjrjk1mw23fbp6zc3im6-mirrors-list.drv
  /nix/store/3vpxyh65zmhc52dv8fn0kxwp9lhnml2g-Compress-Raw-Zlib-2.222.tar.gz.drv
  /nix/store/d8vzr66kr2a1zyydkygqaqqkqvyml5zq-Archive-Tar-3.12.tar.gz.drv
  /nix/store/m6x64qfmas1dy15p23qrd3k0xzbvdsmi-IO-Compress-2.220.tar.gz.drv
  /nix/store/m9m4rkvrspf7qqn5sjk21gsmcapbgzm3-Compress-Raw-Bzip2-2.218.tar.gz.drv
  /nix/store/v5kh92yc6184igxqgc0pixchr708mwvm-HTTP-Tiny-0.094.tar.gz.drv
  /nix/store/c54873s6490zly8grdjhq5wcynjd9plb-perl-5.42.0.drv
  /nix/store/i7hzyqbn281akbvr8nwfxj64gpv270k1-libxcrypt-4.5.2.drv
  /nix/store/lahdr6z387ssb9pvjixvdzf8866b549l-perl-5.42.0.drv
  /nix/store/i2fr1472kp4j2ff2lpx5bdwmrg55n78l-coreutils-9.11.drv
  /nix/store/jpb0zmky24yjmmli9hlwa9q45agq9a44-openssl-3.6.2.drv
  /nix/store/mgn8vidfm9scl57g9dl0gq84m8lfa5zw-bison-3.8.2.drv
  /nix/store/4j4l1gkzxsw1m4p014frf42bbzmza8zs-bash-5.3p9.drv
  /nix/store/15dd025zsx0g7y9hjs7rikzfp3jm0jih-libtool-2.5.4.drv
  /nix/store/i4dynbscy7lhyb3sbxhcnmndd69ki9gi-texinfo-7.2.drv
  /nix/store/7g9cz895z4zydfpxr87yki6hsb0i37dk-autoconf-2.73.drv
  /nix/store/d1x49ysj83qh0s1vgsp82x8ab2a1567j-automake-1.18.1.drv
  /nix/store/wxv3844414miz46la5pfymx2wwdv2i7v-autoreconf-hook.drv
  /nix/store/3ppw48dbrmcmrlpkc0jzmy0jn3s8bzqf-pkgconf-2.5.1.drv
  /nix/store/mhq2akmsax4zhpi8776wasjki4mfqxb1-pkgconf-wrapper-2.5.1.drv
  /nix/store/s5kik95lpqlhvhn1ax5i5wrp4gb3fi7y-sigtool-0.1.3.drv
  /nix/store/scall061q7k91r73rx4bg3n69xi2bfhz-signing-utils.drv
  /nix/store/2lb1gwyp2hapapj2154bq2sjs336zc42-nuke-refs.drv
  /nix/store/j65nh82r90vipid8smi7wgdqbzch7vkz-ncurses-6.6.drv
  /nix/store/n76i1c59nhhd3m157yr08zv801lq4wly-mpdecimal-4.0.1.drv
  /nix/store/zi1rzv533sh3idvqzfksnp9hg1apr4xl-expat-2.8.1.tar.xz.drv
  /nix/store/q366nkdqxc0szz6xgp3rv8q8614v7p2r-expat-2.8.1.drv
  /nix/store/rsg8hr62sd6d12sxrj9z3kp9blqrn0ac-bzip2-1.0.8.drv
  /nix/store/nd5515lxbva4mkgkyyvhndaxwma6r8i6-unzip-6.0.drv
  /nix/store/qdkvn258sin1dgs3w2by5i1gk7g7dwk2-sqlite-3.51.2.drv
  /nix/store/vrs3q8gbj2adsqnfgzapb3nv60z11nq5-readline-8.3p3.drv
  /nix/store/wazcr0iz0f0bygbdqkvjfbl3z09zv3y0-libffi-40.drv
  /nix/store/qb7zamihb7ywsbk8cfqznqvj02057rbf-python3-3.13.13.drv
  /nix/store/22v7jlr0lmp4p0d3fdav7zk79jrync1c-python-catch-conflicts-hook.drv
  /nix/store/40ygg7zkrlif24c8v5jx51kpyznalhhz-python-imports-check-hook.sh.drv
  /nix/store/73x954rq8rd7k1090ccrda5l7w177g7r-findutils-4.10.0.drv
  /nix/store/8nn8ibwzy32rbyp0wqxg4jrvaz74vrpf-python-namespaces-hook.sh.drv
  /nix/store/7shh6q3zbpisk0i5r6v55lslkvgsvy8x-python3.13-bootstrap-flit-core-3.12.0.drv
  /nix/store/k245fpa317kxm0nr1x8pl5hrsdji8ff7-python3.13-bootstrap-installer-1.0.0.drv
  /nix/store/4g02mjkhzyvi50h7dl4m7g4rpm19696d-pypa-install-hook.drv
  /nix/store/wc81z9s4jap7p71mn5ci7jjgzv16h4pn-make-shell-wrapper-hook.drv
  /nix/store/0ka8wgj1hzrph3jzzyjwl0vb4bnh8pad-python3.13-bootstrap-pyproject-hooks-1.2.0.drv
  /nix/store/7hclgg9axmp0k0ks6s2x6mlb941yq155-python3.13-bootstrap-tomli-2.4.0.drv
  /nix/store/ky3ap7rifyqjdhhpn12nj8j1k2v397p1-python3.13-bootstrap-packaging-26.1.drv
  /nix/store/47klc8xib0l9ma2qkklsx68db6l1n3w3-python3.13-bootstrap-build-1.4.4.drv
  /nix/store/97vcl1k22s7s4zb1zalb44k0y2cnn6x1-pypa-build-hook.sh.drv
  /nix/store/2l8a5hgjgri4lrcsc46fyd4n4lni7q11-ensure-newer-sources-hook.sh.drv
  /nix/store/c647gzvy5cknginkf3djvsqbzy55zhq1-ensure-newer-sources-hook.drv
  /nix/store/fp8n7qdg00rhrm31ag2ip9jazcqh6fgr-wrap-python-hook.drv
  /nix/store/xc8x051m6sxj7dbcj4ns58f3zimq0562-python3.13-bootstrap-packaging-26.1.drv
  /nix/store/sy1nbsckbcxyzyfxgg0fqsinkqrk6zbx-python-runtime-deps-check-hook.sh.drv
  /nix/store/lfxx5kymf1bv302jzxz0mrc7rlgfc16h-python3.13-flit-core-3.12.0.drv
  /nix/store/wcdmhyii26v0z9zx2yna3kgq9y6i5r3h-python3.13-installer-1.0.0.drv
  /nix/store/b4y37lavqnv8js40zfk9gv4bsa4cfzdh-pypa-install-hook.drv
  /nix/store/qcc8q9d5mafq1zyz3dc082ry2q5g13bl-python3.13-packaging-26.1.drv
  /nix/store/clyzzmkw7wz4l97z1v5sxv24bci6fmb8-python-runtime-deps-check-hook.sh.drv
  /nix/store/6p0qj8b2dydwhfmfs52nck68if9bc0yc-python3.13-wheel-0.46.1.drv
  /nix/store/iqd3m00qid6g1dn066v0zvwkyf7s17gy-python3.13-pyproject-hooks-1.2.0.drv
  /nix/store/yirk7sw8fm6xr0mql3bi6b4pa0lzr09d-python-relax-deps-hook.drv
  /nix/store/pifd0yswn7rsq2v80qf7w2hl1xghsvbi-python3.13-build-1.4.4.drv
  /nix/store/d8jmx4aqpkdc5np9s50nhn3hg9p6lcxz-pypa-build-hook.sh.drv
  /nix/store/bcn5bwgvw9bqz4d86qp8qwx8apbgv3zq-python3.13-setuptools-80.10.1.drv
  /nix/store/75aa2xzi3qz5schpl8ipl5fndm7s0ivd-python3.13-psutil-7.2.2.drv
  /nix/store/02s26kmxw83gy1928x9rs4a5g9y3xm9a-python3-3.13.13-env.drv
  /nix/store/lirdj23l5dcqfwcrdc1jx0dmbirlsn3j-perl5.42.0-gettext-1.07.drv
  /nix/store/mfx8k3r6f73kharkpxpair3j2xjfm6zz-help2man-1.49.3.drv
  /nix/store/9qdlzzs9zrqqnw1yqsy0vx2i78zvvmy9-flex-2.6.4.drv
  /nix/store/dlndvx0aywrawpwrw9c1fil91jn8p8kz-xcode-project-check-hook.drv
  /nix/store/galbnd999g7xrwhgfkahbvm3l31r7mb0-libxo-1.7.5.drv
  /nix/store/f72kbf2mykji7nkyjfdrnym06ymy01c1-re2c-4.5.1.drv
  /nix/store/r5vn3hvq58asq660qqxlshxvck6cvlki-ninja-1.13.2.drv
  /nix/store/l8ipxzzs4sv87qjlxn4jk7wf6zw7iv5b-setuptools-build-hook.drv
  /nix/store/rlx1api3brqd38xakyig1lmrpbriacwc-meson-1.10.2.drv
  /nix/store/vdcz2c9jvmfp1bip6a1gbp9hn1j6f2qd-adv_cmds-237.drv
  /nix/store/h1jir8hq4zbbfp432xvzz8nik5syhkhx-ed-1.22.5.drv
  /nix/store/zr3y7kal25cx4184sllf8md554n7kbr7-bc-1.08.2.drv
  /nix/store/z3yhbva4qfxfks64isljgxyxv8qpg9bi-bmake-20260313.drv
  /nix/store/2yy9fcjf50kn7vhf4plikk4k53qr6xfv-locale-118.drv
  /nix/store/48mmmqibs3din0xihs6hsas1yi2daf4q-libresolv-93.drv
  /nix/store/fx5qjc40namc2pbvdw21x49zjrmswjg4-remove-references-to.drv
  /nix/store/z5ifqh8nj2r76zmc1xq26hzwc2a8xzsc-oniguruma-6.9.10.drv
  /nix/store/7pzpdmk3f88yp18kdlxi18s3fdjx6xix-jq-1.8.1.drv
  /nix/store/9795m8xk38ay0hhci1pq7izcjjkpa1h0-cctools-binutils-darwin-boot.drv
  /nix/store/9b64s669ymz6iwiksv4rlfggnr119z9h-libsbuf-14.1.0.drv
  /nix/store/c0f7i0r27fzkllkb6252bf2p9mmvplm8-cups-headers-2.4.19.drv
  /nix/store/pl8p6d220nqc4ynw23rciqpimcy5nv3d-atf-0.23.drv
  /nix/store/mvc9z61iknh764c0kyc75sxb2jbd30ig-lua-5.2.4.drv
  /nix/store/yxr6j3lcs9rhak9rw11fh1zbh1k39cja-lutok-0.4.drv
  /nix/store/81d03rgg92l2q4zwwhs3pkcpazd5iyjj-kyua-0.13-unstable-2024-01-22.drv
  /nix/store/725j7p6192r9bbqn4nkvnsqkdhz5chfl-lutok-0.4.drv
  /nix/store/fjl64d2ixfy19xcpn2wj5xrhv8rha61j-kyua-0.13-unstable-2024-01-22.drv
  /nix/store/c0zicjjx64409l73fa648hh4x45h3dp4-atf-0.23.drv
  /nix/store/g6jdwzkxrdp7cbf5pi1kj439a5zks25f-libiconv-113.drv
  /nix/store/8kjv19935p9x0xwlnxig424r5xb9nb1a-gnused-4.9.drv
  /nix/store/xnlsc7x2vhdxjlbzznchwl1m5a3bwdqw-AvailabilityVersions-155.drv
  /nix/store/kvzgjf7rbkfk5m2dyljwj57p1zylfs3b-system_cmds-deps-private-headers.drv
  /nix/store/kf1qv7wm08gamp1mygzrnvpzpd1s03h6-copyfile-230.0.1.0.1.drv
  /nix/store/q0q3g5xryqjy2yj696496n2wa5179ygw-libutil-73.drv
  /nix/store/q3f14yyj56jfy52ady29mqdidcyaxi8j-openpam-20230627.drv
  /nix/store/wwjy9xqbi35xsvarnp8sqwzcgicgkxys-system_cmds-1039.drv
  /nix/store/97r9mchz5hkmn7zi8n1rp6lnkv5fjgdl-sysctl-system_cmds-1039.drv
  /nix/store/wqb9a0fx53071pd7hshj3ngb4sg6rf0a-ps-adv_cmds-237.drv
  /nix/store/5x7xn6zvp1vdibfy1njm10mzvifzashv-darwin-bsd-binary-paths.patch.drv
  /nix/store/8mccxlgks48ic2f3lwjbjpl9ny2vh070-darwin-binary-paths.patch.drv
  /nix/store/8lr6ldlf6hv4qgaaiwsqrnlihvnadynd-cmake-minimal-4.1.2.drv
  /nix/store/rqn9z4if8q8xp57k37igzxkq8jl14hi0-source.drv
  /nix/store/i2i4732d94p0xxndrv991w54gqvhxlhf-libxml2-2.15.3.drv
  /nix/store/0kxcf4kqpg6y594fjadw36rnfk694kha-libpng-1.6.58-apng.patch.gz.drv
  /nix/store/jy1pkw65c8dgypkb6z05x3m5y55vva6g-libpng-1.6.58.tar.xz.drv
  /nix/store/k5jy403p6sxznsqkqmrv19br20n63cwg-libpng-apng-1.6.58.drv
  /nix/store/kbas9qs9dwc9x6ylw41jyll9xdsglbzd-xcbuild-0.1.1-unstable-2019-11-20.drv
  /nix/store/5cql0va4hfl9m468nv47lnbh2jsm3mny-apple-sdk-14.4.drv
  /nix/store/8pqv391q0k6spp3d6a617032cvxs0crg-gnugrep-3.12.drv
  /nix/store/a8l0dplmh4ndjg7sa91i8jrny7nx0wy6-cctools-binutils-darwin-wrapper-boot.drv
  /nix/store/3lysqjh9pkbvh7slpx8l1brlc85hs09k-bootstrap-stage0-clang-wrapper-boot.drv
  /nix/store/6pfk5jnnid6nv9nsp64k0b1k308r3chm-gnu-config-2024-01-01.drv
  /nix/store/ix1a4fvjiw5dzpbs3l38zyfwb71c4d9l-bootstrap-stage-xclang-stdenv-darwin.drv
  /nix/store/08hpyai4r7a40c8cvfpss12z9swzbqiz-expand-response-params.drv
  /nix/store/27gg27bbq8si08hgk6rcsdhrlkr8sr8j-DarwinTools-1.drv
  /nix/store/vfvc5imrg8sdsifm7yj35mwzsi3d6xzn-bootstrap-stage-xclang-stdenv-darwin.drv
  /nix/store/d5i1a9anm1hmkfsvl0wxly0mr8sh3pbn-llvm-tblgen-src-21.1.8.drv
  /nix/store/9n4j0ql2pmxxfjharrlpphixxdpvd206-gnu-config-2024-01-01.drv
  /nix/store/riagh7wa14mbp84lzmjgv311im2plaf3-update-autotools-gnu-config-scripts-hook.drv
  /nix/store/76sx0dmiwq3a7cw34ih8vcnmisi6209m-llvm-tblgen-21.1.8.drv
  /nix/store/79k5nxbzf7z6swz2p51q8xp9qda11dwi-llvm-src-21.1.8.drv
  /nix/store/9lyaw8sd85zlaijfkvpy5lhvqzmqcfa7-libbfd-plugin-api-header.drv
  /nix/store/ly3y159avx0qmjkh40f6gi0rzx0bc67s-llvm-21.1.8.drv
  /nix/store/vpi1g0jdq0g6s67qvypf76a6dvdq4xl0-xcode-project-check-hook.drv
  /nix/store/ya8gsl1fs2yblqxk61wap25ny14yykh0-xar-minimal-501.drv
  /nix/store/804g43b2zhp47v60n0883w53bawb13bk-ld64-956.6.drv
  /nix/store/1xwsfhc0wv5gmsm25zdj0xmvzkw4w50v-die-hook.drv
  /nix/store/c4kydn0nnzp10v4122ip2m97wcz4xlfv-make-shell-wrapper-hook.drv
  /nix/store/7mjhm915pvnys7mya9g9rc309bdmfq72-clang-at-least-16-LLVMgold-path.patch.drv
  /nix/store/nbyxkp1yqjksg8vz08gsn9hawzf9vmph-fix-darwin-dylib-names-hook.drv
  /nix/store/nymk4zr0i1g99k00hqdwlff2mn7k3np5-clang-src-21.1.8.drv
  /nix/store/fqyx1yj7cjl3pn0nvplapnsrgd1av6vf-clang-21.1.8.drv
  /nix/store/mdq01bh8v0xyxs7dl11jncna9y9cvri8-cctools-1010.6.drv
  /nix/store/5iw6blkmfa1ygcvbw4nc616d6a1ly4i8-cctools-binutils-darwin-1010.6.drv
  /nix/store/9n39bky3mhmsgfnpb0v5nci1sn8klnrb-cctools-binutils-darwin-wrapper-1010.6.drv
  /nix/store/gazhr92bqzjblm0haihvgg1yps9acpdn-clang-wrapper-21.1.8.drv
  /nix/store/3afbkim2a2fa36a7d2hdb3asvn7ybi3p-file-5.47.drv
  /nix/store/gpss5lpfq5wck6ixxd6ji05aq4amsx41-apple-sdk-14.4.drv
  /nix/store/k8qhjc7y58hbs5aic8fykpjhsp4h4jjp-locale-118.drv
  /nix/store/j5ld85qblan1v300z8lhnfqim0f8wm6j-bootstrap-stage2-stdenv-darwin.drv
  /nix/store/a7c1gdmvqa5p0m80mm9ncvnai8dacwqw-bootstrap-stage2-stdenv-darwin.drv
  /nix/store/dnqn2jc2995h60k89xcyfylybxkmph2i-bootstrap-stage2-stdenv-darwin.drv
  /nix/store/hal3zqgyqs0ja35pqy29mlrggr4bz0x2-gnu-config-2024-01-01.drv
  /nix/store/jbc0sk7yh3ac196hinsvz87szgq1gqlf-update-autotools-gnu-config-scripts-hook.drv
  /nix/store/87sqj49g66k5yi1sf51mih5hf61cfb2q-bash-5.3p9.drv
  /nix/store/psjvxq8py2f4vh9yryhzpgqhnncw64xy-expand-response-params.drv
  /nix/store/1r01a126xrp1jpqcaydaddsbc1b1agqf-sdk-hook.sh.drv
  /nix/store/rsqi300j2kbyaa17wj2h6ngmjkg4rsd8-cups-headers-2.4.19.drv
  /nix/store/xsha8nwwl8l7hj4xs227sk0jpvp4fi5c-CoreSymbolication-0-unstable-2018-06-17.drv
  /nix/store/v9qsykn6czlgn9jijnzb2dpm4vr0q70a-apple-sdk-14.4.drv
  /nix/store/cm704iyh67yan97lw45kb55xfn952gs3-cctools-binutils-darwin-wrapper-1010.6.drv
  /nix/store/04psmq04lyxj18b1if9mqphihnhrvmk3-clang-wrapper-21.1.8.drv
  /nix/store/6g5hvigh68wg1j9bpiqrrn75l6jwzwbr-xcode-project-check-hook.drv
  /nix/store/974hwqzlgamkqysz25574llxch5s9y9j-adv_cmds-deps-private-headers.drv
  /nix/store/fw6ksd49hd0gbscbk9697w2192xxp1vl-autoreconf-hook.drv
  /nix/store/p6v381b44s6hh0i33a3nczzy1hrq9a5r-libxo-1.7.5.drv
  /nix/store/gakjjwgi5i86cljxadlhb68a2sacylah-adv_cmds-237.drv
  /nix/store/fl66wdj5p8ikczpq3mnhg85rprdgwbjk-locale-118.drv
  /nix/store/fm9n7x0q0n98841bzw2sxyn8k7xv5mcq-file-5.47.drv
  /nix/store/s19l087vnr3akgaabfiyarclpg7bl05j-gnu-config-2024-01-01.drv
  /nix/store/xaqwai6nng02nic1jkcfsakjx9xdrnj1-bootstrap-stage3-stdenv-darwin.drv
  /nix/store/7iqz8xc4mp5c6bn869sbyvqaj8c9myn4-coreutils-9.11.drv
  /nix/store/aqj6kry6y3m0a1y1rzg972sfw5cn3pz6-bootstrap-stage3-stdenv-darwin.drv
  /nix/store/924f3wmms3yrgn8y6z1wbvx0c9b2g0z7-die-hook.drv
  /nix/store/l9003x0z83yisnfsabd11mmfcyb5qnca-make-binary-wrapper-hook.drv
  /nix/store/9lmqivs9l2zwg1xl29xnvn1iz90s1gvp-openssl-3.6.2.drv
  /nix/store/4mqy6dszgqmpgy58gnh2x8x10n560457-gnu-config-2024-01-01.drv
  /nix/store/p5gbd3wjrk8742k25xwh9cvyhzj9zgxz-update-autotools-gnu-config-scripts-hook.drv
  /nix/store/8gk67bq7jsmmn90andwlirsfpyyrgsq5-file-5.47.drv
  /nix/store/8ydbxgzqc7pq7fy4ycy8nlzxn5slj3h8-locale-118.drv
  /nix/store/168w1f74d22hkf4q0ab27y15piw4l3y7-bootstrap-stage4-stdenv-darwin.drv
  /nix/store/l0fxfiyn41cwblnsc4g4akjqbh60asfv-find-xml-catalogs-hook.drv
  /nix/store/csz6pb79ig0901195svb0d83m7j7sv9f-libxml2-2.15.3.drv
  /nix/store/m1zdvvcyzhhqfricmnxbvn9f71zg6y0n-llvm-tblgen-src-21.1.8.drv
  /nix/store/i3rmqd0w8qv7jxdx6m4gcwai76p8cg75-llvm-tblgen-21.1.8.drv
  /nix/store/1yl12pkrmg8052gl35za8i7sap9yqfdq-sysctl-system_cmds-1039.drv
  /nix/store/4rkc2pi140gx2a2kz9kxvhwq68lpf6ij-DarwinTools-1.drv
  /nix/store/77iia0ffn49b0q15r3l13zicljr24d0j-llvm-src-21.1.8.drv
  /nix/store/fi63nadrdaz3q6famkfqycbl2w8l8qyb-libbfd-plugin-api-header.drv
  /nix/store/rsvjjb8346nrls29jm0pgy82b8nqdkkm-llvm-21.1.8.drv
  /nix/store/wzaiv5nfcwx6fmm4972sf7m9vvy8bjh6-lld-src-21.1.8.drv
  /nix/store/nd7x1d10v271n5fg4vddkhdr3kp2fbjg-lld-21.1.8.drv
  /nix/store/7pamhra5bbky4i37na1sx6pxkz7vvwr4-llvm-binutils-21.1.8.drv
  /nix/store/y15ndjl2sv203y9i1vimdcw70s28rxvk-expand-response-params.drv
  /nix/store/r8saq20gp8i484c6wh245qc1cgn4l9r7-cctools-binutils-darwin-wrapper-1010.6.drv
  /nix/store/y9jnqjvjdmzvwbix6pypyfxqrp7k61v4-clang-wrapper-21.1.8.drv
  /nix/store/c2ibyb2xa6xn7bj412mng6whyjhfqp5v-bootstrap-stage4-stdenv-darwin.drv
  /nix/store/jdm9jaq9g516mhy7j7nhbq40i22kjqmx-file-5.47.drv
  /nix/store/vm3i040rkmzzpxfl3b4p5gzqvc1ng5zb-stdenv-darwin.drv
  /nix/store/3ipy78nyxrapl8pcnxzdrv98gx8ayznj-libssh2-1.11.1.drv
  /nix/store/83nn1hs38fzwj8303704k60a46xr2a5i-pkgs-config-setup-hook.drv
  /nix/store/ggf6rikp8q9ikwzqh1by61a8ddlmlm1y-pkg-config-0.29.2.drv
  /nix/store/gh74gi5hsss3ry4bq84b07nnk1jn541k-add-flags.sh.drv
  /nix/store/hxswp8vd6knsffbgp2js392318hq9fbp-pkg-config-role-hook.drv
  /nix/store/xs741d7fa552a7gz620haiby0r9s6dsy-utils.bash.drv
  /nix/store/4nbzy5dsqh3h9ywrz6nnb6nsh93mbrii-pkg-config-wrapper-0.29.2.drv
  /nix/store/lcrbbmp03lbkv96p3ysk4rjmlm5lmvi2-nghttp2-1.69.0.drv
  /nix/store/2x42nh03jl983ym83xq1g0zx2aqyan0a-curl-8.20.0.drv
  /nix/store/42irwap5c3jg2cr8gdycr91slhdw1rvi-mirrors-list.drv
  /nix/store/0vwh9awgi3v5s68mbx60b462cd1hfskj-libxslt-1.1.45.tar.xz.drv
  /nix/store/95d2lplpwpjxaavyyzw5nsk9ragk5m36-pkg-config-0.29.2.drv
  /nix/store/hgfmcqfq0jmdf5vwmjg1l9qgdhbyiyms-pkg-config-wrapper-0.29.2.drv
  /nix/store/lwyzlsspqbyzx76lqavhprrm0cna7ifh-find-xml-catalogs-hook.drv
  /nix/store/r1359ywffpnyymwqix56yqy9l8z9sblm-gnu-config-2024-01-01.drv
  /nix/store/frkgrv893x7kn3va8v09v0n48pf1db32-update-autotools-gnu-config-scripts-hook.drv
  /nix/store/bmyff3kcpqibmwmfph5a1lh815728yx3-gnum4-1.4.21.drv
  /nix/store/pkqiibhb7w6lgl6d31qnzibd7hizgfps-texinfo-7.2.drv
  /nix/store/mykf9gs1bg9k2y0745gymwvnymsbwfil-autoconf-2.73.drv
  /nix/store/63wq5c9s7h61fs0w2r8r0pd69anbfw0z-automake-1.18.1.drv
  /nix/store/ysyf5bl39fhczkdwpjzgw7rmi2qvcvbm-libtool-2.5.4.drv
  /nix/store/w6rpayb0lc5pbl79wavdqspvhyr14vy9-autoreconf-hook.drv
  /nix/store/59h75001a3qznnqjbxadn0isbxc4ipxq-libxslt-1.1.45.drv
  /nix/store/5rsj144025lyc3pfkzhh08kcwj65mk92-die-hook.drv
  /nix/store/7dgnrkj67mr4j6c653rfx9223dxn44hb-make-shell-wrapper-hook.drv
  /nix/store/k86yl4qw8nc6hvli1jmamph3dbix6a4c-mini_portile2-2.8.5.gem.drv
  /nix/store/grbppzkrgrld0h8drrrvnxacxm84029w-ruby3.4-mini_portile2-2.8.5.drv
  /nix/store/hvk345w93sb1a69nali3yflsln7g482x-nokogiri-1.16.0.gem.drv
  /nix/store/3s8dfjdbcrx7aqbl67nmq5380ypqb6wp-racc-1.7.3.gem.drv
  /nix/store/vv3pyh3bsfmdrfmbn75g1hvp2crqcdy1-ruby3.4-racc-1.7.3.drv
  /nix/store/03f2hkrs1vnhvlc8azwmri89niwc8p3k-ruby3.4-nokogiri-1.16.0.drv
  /nix/store/03gaxn3z57f0vga00c0jas4g8abii5v9-tzdata-1.19.patch.drv
  /nix/store/58im643xqnd25rncjgsdfim79q0ypid1-mailcap-1.17.patch.drv
  /nix/store/lpjgnmsyym3pzp6qf57h6y43hh63qgb8-go1.24.13.darwin-arm64.tar.gz.drv
  /nix/store/lyggzyglz8fpaq20hr3xq8ja6n400mna-go-1.24.13-darwin-arm64-bootstrap.drv
  /nix/store/mfy0nf927283kbm61hwaxv2gswwgv12p-go1.26.4.src.tar.gz.drv
  /nix/store/rd7yg57rmr4667lpicy7wapq6hkmx6fq-iana-etc-1.25.patch.drv
  /nix/store/0j94l4ngkz3fppqd0wxqsvjwri4fny1y-go-1.26.4.drv
  /nix/store/2d10zp3k67zw4k3kc1kbszjp258z434z-python3.13-bootstrap-flit-core-3.12.0.drv
  /nix/store/r2zq70h5m1cfijq7dxkz8qwlag6x6dh3-python3.13-bootstrap-installer-1.0.0.drv
  /nix/store/0zcjaqg2k9qf1cl1zsk74j5jzwq2c168-python3.13-bootstrap-packaging-26.1.drv
  /nix/store/wxagif5wvfdq5lvha8zmv7ac9y3wkv5i-ensure-newer-sources-hook.sh.drv
  /nix/store/26z8pzry96y9c1vk7xyic0h1padg60y4-ensure-newer-sources-hook.drv
  /nix/store/2nrs7vazp8dnr6fnm878y5ssr6gcndmz-python-output-dist-hook.drv
  /nix/store/5jk9rf6jdj3psbfmjrznzsrzj6xlw6x3-wrap-python-hook.drv
  /nix/store/dvr02d7sb6xxhbhrsni5nj2pqs3h6c5l-pypa-install-hook.drv
  /nix/store/jb19gvqdpbij0p1swzpzvkdypx5s1wk7-python-imports-check-hook.sh.drv
  /nix/store/cyypai1l3giwrg50f52wyjpcx6300cwh-python3.13-bootstrap-packaging-26.1.drv
  /nix/store/dz7xn4dg7dwhg7g3mrsdp53dx4crf9hb-python3.13-bootstrap-tomli-2.4.0.drv
  /nix/store/pz4ywlci3lj860m280c90xyd9bz032nc-python3.13-bootstrap-pyproject-hooks-1.2.0.drv
  /nix/store/jzqgf1mbra1mfm15cpn58n3iiq6njaf5-python3.13-bootstrap-build-1.4.4.drv
  /nix/store/p69nvk90x2zz1qdq9q49gs0hrb3ppqbj-pypa-build-hook.sh.drv
  /nix/store/qzw68kybrc4xxddm6v18br8r14f20ylg-python-runtime-deps-check-hook.sh.drv
  /nix/store/wr4nyd2177014p3l9hssjm27vl30apzn-python-remove-tests-dir-hook.drv
  /nix/store/y9i1967wgrb91ibmrjqji5l5z807kzlc-python-namespaces-hook.sh.drv
  /nix/store/yia52hgzi01w89wdiy26qswbhkccizjv-python-remove-bin-bytecode-hook.drv
  /nix/store/r20yiqsv7pan7zkhmajjfhb336pncys4-python3.13-flit-core-3.12.0.drv
  /nix/store/24cp9zrkk9clr1r963rl2z0z1y42gimi-python3.13-installer-1.0.0.drv
  /nix/store/hy3bja01kcbb0mg7wk658cvf6zp4wifi-rexml-3.2.6.gem.drv
  /nix/store/n7fgc1cb4g0ksy5q98mk9kgxr4ybj3k5-ruby3.4-rexml-3.2.6.drv
  /nix/store/rybkbh6qda4bpd0qj9hi9vvk15wicrvr-kramdown-2.4.0.gem.drv
  /nix/store/2bbsi9xcbzwqbv9w2cp2l2pihgx2xq19-ruby3.4-kramdown-2.4.0.drv
  /nix/store/7psriashgax9n74cna7k96qz59k5wzhy-bundler-2.7.2.gem.drv
  /nix/store/9j1nkxz5dcfx78l17allsigs0w6a21c9-version-check-hook.drv
  /nix/store/40d2s1fwjiylp3hy73nh128bhds6i703-bundler-2.7.2.drv
  /nix/store/43axgm6p2v7x768bsjhc07jj70h54gad-gen-bin-stubs.drv
  /nix/store/gmskq62xgxzlg4b1ibdv6s02gbzq2244-kramdown-parser-gfm-1.1.0.gem.drv
  /nix/store/7f06m1gck04rypzl2q6rnngxi25ciinf-ruby3.4-kramdown-parser-gfm-1.1.0.drv
  /nix/store/b8mz69k8ijs1fk92mc72vwd64cayrphp-gemfile-and-lockfile.drv
  /nix/store/5qybq41b3krypdgay4mv5yrrfrnymj43-ronn-ng-0.10.1.gem.drv
  /nix/store/dmikfl9g7k02j3ls4bhhc83jcpym148z-mustache-1.1.1.gem.drv
  /nix/store/y6z8q2ppd9gyj0kyzsiv6nybhy0qh074-ruby3.4-mustache-1.1.1.drv
  /nix/store/xcv9fnhqhji0f9h3dw0h5p1hswf0jixw-ruby3.4-ronn-ng-0.10.1.drv
  /nix/store/42x5pqakkswlnys7r55ib12xch7lj25a-ronn-gems.drv
  /nix/store/6339hrw6dmy5p3bm4n9hmry7piq222b2-ronn-0.10.1.drv
  /nix/store/7i48lzh0732m2cz0pidikfkmvxa69vv2-python-runtime-deps-check-hook.sh.drv
  /nix/store/8p9fp0kvxpydd4a2w5685wqn61jypm4h-source.drv
  /nix/store/9yq212m15lyqpzqa5g2wzk1x3bi8v0r2-python-catch-conflicts-hook.drv
  /nix/store/b6z05xcsjzqmc7lw8i7zq3mv6k926ym6-install-shell-files.drv
  /nix/store/wmx260j1fnsx6i642sl8yjjpry3rxahp-pypa-install-hook.drv
  /nix/store/ld2kig1jqhfha1ic58mkd5wcm3a9ji6f-python3.13-wheel-0.46.1.drv
  /nix/store/r5zz47ybw4c285iwibb24ll4ycggns7p-python-relax-deps-hook.drv
  /nix/store/zrb9l1pdarm8j1vpkp9w00ybx6xbpk9y-python3.13-pyproject-hooks-1.2.0.drv
  /nix/store/nw6wxmzyyyhk4f3rb39na1706yic45d8-python3.13-build-1.4.4.drv
  /nix/store/bdf5f0j4w38cs6c784aw0valj2bvy7nz-pypa-build-hook.sh.drv
  /nix/store/dz47hn22925a750p7f9bhffwpjal5ri2-python3.13-pyflakes-3.4.0.drv
  /nix/store/w3rfkinbi5fn2y4sqgffbspic3adxx1l-source.drv
  /nix/store/r5lhzvgn9l472iv1rxnx115cr9bvgqxx-actionlint-1.7.12-go-modules.drv
  /nix/store/f6xz9pw6zvga7r04isc4xf54y8g4sq5z-actionlint-1.7.12.drv
building '/nix/store/b6z05xcsjzqmc7lw8i7zq3mv6k926ym6-install-shell-files.drv' on 'ssh-ng://john@10.201.0.7'...
building '/nix/store/7dgnrkj67mr4j6c653rfx9223dxn44hb-make-shell-wrapper-hook.drv' on 'ssh-ng://john@10.201.0.7'...
building '/nix/store/9yq212m15lyqpzqa5g2wzk1x3bi8v0r2-python-catch-conflicts-hook.drv' on 'ssh-ng://john@10.201.0.7'...
building '/nix/store/jb19gvqdpbij0p1swzpzvkdypx5s1wk7-python-imports-check-hook.sh.drv' on 'ssh-ng://john@10.201.0.7'...
building '/nix/store/y9i1967wgrb91ibmrjqji5l5z807kzlc-python-namespaces-hook.sh.drv' on 'ssh-ng://john@10.201.0.7'...
building '/nix/store/2nrs7vazp8dnr6fnm878y5ssr6gcndmz-python-output-dist-hook.drv' on 'ssh-ng://john@10.201.0.7'...
building '/nix/store/yia52hgzi01w89wdiy26qswbhkccizjv-python-remove-bin-bytecode-hook.drv' on 'ssh-ng://john@10.201.0.7'...
building '/nix/store/wr4nyd2177014p3l9hssjm27vl30apzn-python-remove-tests-dir-hook.drv' on 'ssh-ng://john@10.201.0.7'...
building '/nix/store/7i48lzh0732m2cz0pidikfkmvxa69vv2-python-runtime-deps-check-hook.sh.drv' on 'ssh-ng://john@10.201.0.7'...
building '/nix/store/rd7yg57rmr4667lpicy7wapq6hkmx6fq-iana-etc-1.25.patch.drv'...
building '/nix/store/58im643xqnd25rncjgsdfim79q0ypid1-mailcap-1.17.patch.drv'...
building '/nix/store/03gaxn3z57f0vga00c0jas4g8abii5v9-tzdata-1.19.patch.drv'...
building '/nix/store/b8mz69k8ijs1fk92mc72vwd64cayrphp-gemfile-and-lockfile.drv' on 'ssh-ng://john@10.201.0.7'...
building '/nix/store/43axgm6p2v7x768bsjhc07jj70h54gad-gen-bin-stubs.drv' on 'ssh-ng://john@10.201.0.7'...
building '/nix/store/wxagif5wvfdq5lvha8zmv7ac9y3wkv5i-ensure-newer-sources-hook.sh.drv'...
building '/nix/store/9j1nkxz5dcfx78l17allsigs0w6a21c9-version-check-hook.drv' on 'ssh-ng://john@10.201.0.7'...
building '/nix/store/lwyzlsspqbyzx76lqavhprrm0cna7ifh-find-xml-catalogs-hook.drv' on 'ssh-ng://john@10.201.0.7'...
copying 0 paths...
copying 1 paths...
copying 0 paths...
copying 1 paths...
copying 0 paths...
copying 0 paths...
copying 0 paths...
copying 0 paths...
copying 0 paths...
copying 0 paths...
copying 0 paths...
building '/nix/store/26z8pzry96y9c1vk7xyic0h1padg60y4-ensure-newer-sources-hook.drv' on 'ssh-ng://john@10.201.0.7'...
copying path '/nix/store/s6x24sa76dkl223ja4c6ykbi4qbpv9k2-install-shell-files' from 'ssh-ng://john@10.201.0.7'...
copying path '/nix/store/y84gscqrv04s4g71dllsjih7ylq2mwng-make-shell-wrapper-hook' from 'ssh-ng://john@10.201.0.7'...
copying path '/nix/store/99322d6l0zc1ab7ywy59v9l4pk2kgh26-python-catch-conflicts-hook' from 'https://cache.numtide.com'...
copying path '/nix/store/1k46sysmams4iqadb0hcq6iisf53n7fj-python-imports-check-hook.sh' from 'https://cache.numtide.com'...
copying path '/nix/store/jbs7i7zba79h88mkksq7f71vw188cax7-python-namespaces-hook.sh' from 'https://cache.numtide.com'...
copying path '/nix/store/mdpq5cr3awgwrzn3hq490swicbd04nfy-python-output-dist-hook' from 'https://cache.numtide.com'...
copying path '/nix/store/a7xb4r77wf3d6rkccrvs783s959ddz36-python-remove-bin-bytecode-hook' from 'https://cache.numtide.com'...
copying path '/nix/store/qwvvycg59d831kzypia7j4f4ysslrhj2-python-remove-tests-dir-hook' from 'https://cache.numtide.com'...
copying path '/nix/store/40f1g6c6sp1saddx9f4h2wi7d1ixw3lh-python-runtime-deps-check-hook.sh' from 'https://cache.numtide.com'...
copying 1 paths...
copying path '/nix/store/99322d6l0zc1ab7ywy59v9l4pk2kgh26-python-catch-conflicts-hook' from 'ssh-ng://john@10.201.0.7'...
copying 1 paths...
copying path '/nix/store/1k46sysmams4iqadb0hcq6iisf53n7fj-python-imports-check-hook.sh' from 'ssh-ng://john@10.201.0.7'...
copying 1 paths...
copying path '/nix/store/jbs7i7zba79h88mkksq7f71vw188cax7-python-namespaces-hook.sh' from 'ssh-ng://john@10.201.0.7'...
copying 1 paths...
copying path '/nix/store/mdpq5cr3awgwrzn3hq490swicbd04nfy-python-output-dist-hook' from 'ssh-ng://john@10.201.0.7'...
copying 1 paths...
copying path '/nix/store/a7xb4r77wf3d6rkccrvs783s959ddz36-python-remove-bin-bytecode-hook' from 'ssh-ng://john@10.201.0.7'...
copying 1 paths...
copying path '/nix/store/qwvvycg59d831kzypia7j4f4ysslrhj2-python-remove-tests-dir-hook' from 'ssh-ng://john@10.201.0.7'...
copying 1 paths...
copying path '/nix/store/40f1g6c6sp1saddx9f4h2wi7d1ixw3lh-python-runtime-deps-check-hook.sh' from 'ssh-ng://john@10.201.0.7'...
building '/nix/store/5jk9rf6jdj3psbfmjrznzsrzj6xlw6x3-wrap-python-hook.drv' on 'ssh-ng://john@10.201.0.7'...
copying 0 paths...
copying path '/nix/store/bykgnlh8xwdqyp3jnnz0747bnqinrrzv-gemfile-and-lockfile' from 'https://cache.nixos.org'...
copying 1 paths...
copying path '/nix/store/bykgnlh8xwdqyp3jnnz0747bnqinrrzv-gemfile-and-lockfile' from 'ssh-ng://john@10.201.0.7'...
copying 0 paths...
copying 0 paths...
copying 0 paths...
copying path '/nix/store/ma6r9d9qicawfiwq13xl9fnp49i7izil-find-xml-catalogs-hook' from 'https://cache.nixos.org'...
copying path '/nix/store/g1661i8p2fbf9dr7xj9mpcprzxh6a3s9-version-check-hook' from 'https://cache.nixos.org'...
copying path '/nix/store/r3b2p4igz2sqhjr40afkd2msj10ljfhx-gen-bin-stubs' from 'https://cache.nixos.org'...
copying path '/nix/store/6q3ja6cafqjp2vsscv4rfq3xd3qhgxkn-ensure-newer-sources-hook.sh' from 'https://cache.nixos.org'...
copying 1 paths...
copying path '/nix/store/ma6r9d9qicawfiwq13xl9fnp49i7izil-find-xml-catalogs-hook' from 'ssh-ng://john@10.201.0.7'...
copying 0 paths...
copying 1 paths...
copying 1 paths...
copying path '/nix/store/g1661i8p2fbf9dr7xj9mpcprzxh6a3s9-version-check-hook' from 'ssh-ng://john@10.201.0.7'...
copying path '/nix/store/r3b2p4igz2sqhjr40afkd2msj10ljfhx-gen-bin-stubs' from 'ssh-ng://john@10.201.0.7'...
copying path '/nix/store/nj460h5iaywy31ym6ca0h7g2yjxbhhvn-ensure-newer-sources-hook' from 'https://cache.numtide.com'...
copying 0 paths...
copying path '/nix/store/rcs1929chj9qi040d9wgr6w290kgll2l-wrap-python-hook' from 'https://cache.numtide.com'...
copying 1 paths...
copying path '/nix/store/nj460h5iaywy31ym6ca0h7g2yjxbhhvn-ensure-newer-sources-hook' from 'ssh-ng://john@10.201.0.7'...
copying 1 paths...
copying path '/nix/store/rcs1929chj9qi040d9wgr6w290kgll2l-wrap-python-hook' from 'ssh-ng://john@10.201.0.7'...
building '/nix/store/i2fr1472kp4j2ff2lpx5bdwmrg55n78l-coreutils-9.11.drv' on 'ssh-ng://john@10.201.0.7'...
building '/nix/store/lirdj23l5dcqfwcrdc1jx0dmbirlsn3j-perl5.42.0-gettext-1.07.drv' on 'ssh-ng://john@10.201.0.7'...
copying 0 paths...
copying 0 paths...
disabling binary cache 'http://10.201.0.3:8083/main' for 60 seconds
error: unable to download 'http://10.201.0.3:8083/main/088m8bg740bqj49ls96niiwdrvlzbrzn.narinfo': Timeout was reached (28) Operation timed out after 3002 milliseconds with 0 bytes received
copying path '/nix/store/kd3f7rf9sdzhbzcil0a51k8yidri6hz7-perl5.42.0-gettext-1.07-devdoc' from 'https://cache.nixos.org'...
copying path '/nix/store/088m8bg740bqj49ls96niiwdrvlzbrzn-perl5.42.0-gettext-1.07' from 'https://cache.nixos.org'...
copying 2 paths...
copying path '/nix/store/088m8bg740bqj49ls96niiwdrvlzbrzn-perl5.42.0-gettext-1.07' from 'ssh-ng://john@10.201.0.7'...
copying path '/nix/store/kd3f7rf9sdzhbzcil0a51k8yidri6hz7-perl5.42.0-gettext-1.07-devdoc' from 'ssh-ng://john@10.201.0.7'...
building '/nix/store/mfx8k3r6f73kharkpxpair3j2xjfm6zz-help2man-1.49.3.drv' on 'ssh-ng://john@10.201.0.7'...
copying path '/nix/store/nlmyb7jmkm9vdy6jp8kxpvps4vril2ba-coreutils-9.11-info' from 'https://cache.nixos.org'...
copying path '/nix/store/ggfcpyih7q6ggrvdf727fqkig552wpl5-coreutils-9.11' from 'https://cache.nixos.org'...
copying 2 paths...
copying 0 paths...
copying path '/nix/store/nlmyb7jmkm9vdy6jp8kxpvps4vril2ba-coreutils-9.11-info' from 'ssh-ng://john@10.201.0.7'...
copying path '/nix/store/ggfcpyih7q6ggrvdf727fqkig552wpl5-coreutils-9.11' from 'ssh-ng://john@10.201.0.7'...
building '/nix/store/73x954rq8rd7k1090ccrda5l7w177g7r-findutils-4.10.0.drv' on 'ssh-ng://john@10.201.0.7'...
building '/nix/store/jpb0zmky24yjmmli9hlwa9q45agq9a44-openssl-3.6.2.drv' on 'ssh-ng://john@10.201.0.7'...
copying 0 paths...
copying 0 paths...
disabling binary cache 'http://10.201.0.3:8083/main' for 60 seconds
error: unable to download 'http://10.201.0.3:8083/main/ifs4zsmnswfbj9bfv8by4590lajg7hfl.narinfo': Timeout was reached (28) Operation timed out after 3002 milliseconds with 0 bytes received
error: unable to download 'http://10.201.0.3:8083/main/n4d4sx4yws318pz05v074cjg0mjp2blx.narinfo': Timeout was reached (28) Operation timed out after 3001 milliseconds with 0 bytes received
error: unable to download 'http://10.201.0.3:8083/main/4ik7rhjiad922c6fvvwm4p2lvmgis9m0.narinfo': Timeout was reached (28) Operation timed out after 3000 milliseconds with 0 bytes received
error: unable to download 'http://10.201.0.3:8083/main/lqw73a456ghqvny4bm4zv6d8cbx7dk05.narinfo': Timeout was reached (28) Operation timed out after 3000 milliseconds with 0 bytes received
copying path '/nix/store/ifs4zsmnswfbj9bfv8by4590lajg7hfl-openssl-3.6.2' from 'https://cache.nixos.org'...
copying path '/nix/store/n4d4sx4yws318pz05v074cjg0mjp2blx-openssl-3.6.2-doc' from 'https://cache.nixos.org'...
copying path '/nix/store/wmgq1nqqqwrm84rs3dj2hdng5s3q695b-openssl-3.6.2-man' from 'https://cache.nixos.org'...
copying path '/nix/store/0ipf7s5zsgmhhd0rjbhn1lsipsywxzng-findutils-4.10.0-info' from 'https://cache.nixos.org'...
copying path '/nix/store/jqajm2lcsfnwrb0hrvhj286q17dkkq8h-findutils-4.10.0' from 'https://cache.nixos.org'...
copying path '/nix/store/nc3l95lnslla2fpcp4725zxhcf8fmbyp-help2man-1.49.3' from 'https://cache.nixos.org'...
copying path '/nix/store/shibzbklav132j9r5ilyl0w4lsb78gff-findutils-4.10.0-locate' from 'https://cache.nixos.org'...
copying 3 paths...
copying 1 paths...
copying path '/nix/store/lqw73a456ghqvny4bm4zv6d8cbx7dk05-openssl-3.6.2-bin' from 'https://cache.nixos.org'...
copying path '/nix/store/nc3l95lnslla2fpcp4725zxhcf8fmbyp-help2man-1.49.3' from 'ssh-ng://john@10.201.0.7'...
copying path '/nix/store/0ipf7s5zsgmhhd0rjbhn1lsipsywxzng-findutils-4.10.0-info' from 'ssh-ng://john@10.201.0.7'...
copying path '/nix/store/jqajm2lcsfnwrb0hrvhj286q17dkkq8h-findutils-4.10.0' from 'ssh-ng://john@10.201.0.7'...
copying path '/nix/store/4ik7rhjiad922c6fvvwm4p2lvmgis9m0-openssl-3.6.2-dev' from 'https://cache.nixos.org'...
copying 5 paths...
copying path '/nix/store/ifs4zsmnswfbj9bfv8by4590lajg7hfl-openssl-3.6.2' from 'ssh-ng://john@10.201.0.7'...
copying path '/nix/store/n4d4sx4yws318pz05v074cjg0mjp2blx-openssl-3.6.2-doc' from 'ssh-ng://john@10.201.0.7'...
copying path '/nix/store/wmgq1nqqqwrm84rs3dj2hdng5s3q695b-openssl-3.6.2-man' from 'ssh-ng://john@10.201.0.7'...
copying path '/nix/store/shibzbklav132j9r5ilyl0w4lsb78gff-findutils-4.10.0-locate' from 'ssh-ng://john@10.201.0.7'...
building '/nix/store/8nn8ibwzy32rbyp0wqxg4jrvaz74vrpf-python-namespaces-hook.sh.drv' on 'ssh-ng://john@10.201.0.7'...
building '/nix/store/2l8a5hgjgri4lrcsc46fyd4n4lni7q11-ensure-newer-sources-hook.sh.drv'...
copying 0 paths...
copying path '/nix/store/lqw73a456ghqvny4bm4zv6d8cbx7dk05-openssl-3.6.2-bin' from 'ssh-ng://john@10.201.0.7'...
building '/nix/store/c647gzvy5cknginkf3djvsqbzy55zhq1-ensure-newer-sources-hook.drv' on 'ssh-ng://john@10.201.0.7'...
copying path '/nix/store/4ik7rhjiad922c6fvvwm4p2lvmgis9m0-openssl-3.6.2-dev' from 'ssh-ng://john@10.201.0.7'...
building '/nix/store/wc81z9s4jap7p71mn5ci7jjgzv16h4pn-make-shell-wrapper-hook.drv' on 'ssh-ng://john@10.201.0.7'...
building '/nix/store/dlndvx0aywrawpwrw9c1fil91jn8p8kz-xcode-project-check-hook.drv' on 'ssh-ng://john@10.201.0.7'...
copying path '/nix/store/qj4ph0xhb3iqzaa61wwm0hih1qk7hhq7-ensure-newer-sources-hook.sh' from 'https://cache.nixos.org'...
copying 0 paths...
copying path '/nix/store/jmhc4k4c641h7vwjwc35k329f7b6ffbj-python-namespaces-hook.sh' from 'https://cache.nixos.org'...
copying 0 paths...
copying 1 paths...
copying path '/nix/store/jmhc4k4c641h7vwjwc35k329f7b6ffbj-python-namespaces-hook.sh' from 'ssh-ng://john@10.201.0.7'...
copying 0 paths...
copying path '/nix/store/v3s720bmrmkiy36njvnf0rw3zcmyavh6-ensure-newer-sources-hook' from 'https://cache.nixos.org'...
copying 1 paths...
copying path '/nix/store/v3s720bmrmkiy36njvnf0rw3zcmyavh6-ensure-newer-sources-hook' from 'ssh-ng://john@10.201.0.7'...
copying path '/nix/store/rqmkip1kajyilbpn5y73kfz3max7fs0r-xcode-project-check-hook' from 'https://cache.nixos.org'...
copying path '/nix/store/nskbdfd5rywg2y8zmxhgypy4dnpsmmhz-make-shell-wrapper-hook' from 'https://cache.nixos.org'...
copying 1 paths...
copying path '/nix/store/rqmkip1kajyilbpn5y73kfz3max7fs0r-xcode-project-check-hook' from 'ssh-ng://john@10.201.0.7'...
copying 1 paths...
copying path '/nix/store/nskbdfd5rywg2y8zmxhgypy4dnpsmmhz-make-shell-wrapper-hook' from 'ssh-ng://john@10.201.0.7'...
building '/nix/store/9795m8xk38ay0hhci1pq7izcjjkpa1h0-cctools-binutils-darwin-boot.drv' on 'ssh-ng://john@10.201.0.7'...
copying 0 paths...
copying path '/nix/store/ni0wmdkfdff8czfsrcraamqabrq25lks-cctools-binutils-darwin-boot' from 'https://cache.nixos.org'...
copying 1 paths...
copying path '/nix/store/ni0wmdkfdff8czfsrcraamqabrq25lks-cctools-binutils-darwin-boot' from 'ssh-ng://john@10.201.0.7'...
building '/nix/store/n76i1c59nhhd3m157yr08zv801lq4wly-mpdecimal-4.0.1.drv' on 'ssh-ng://john@10.201.0.7'...
building '/nix/store/3ppw48dbrmcmrlpkc0jzmy0jn3s8bzqf-pkgconf-2.5.1.drv' on 'ssh-ng://john@10.201.0.7'...
copying 0 paths...
copying 0 paths...
copying path '/nix/store/bdd931zn3hci7l141s5nf6rjpp8hlsqn-mpdecimal-4.0.1' from 'https://cache.nixos.org'...
copying path '/nix/store/z1zajk6xp0b03lvpd79l21lmznsy4gn0-mpdecimal-4.0.1-doc' from 'https://cache.nixos.org'...
copying path '/nix/store/mj4nz458qvkg9dlm5sazbzkc82hl2h6a-mpdecimal-4.0.1-cxx' from 'https://cache.nixos.org'...
copying path '/nix/store/dbk714s6njqwxv4791vjnx1bddbbp592-mpdecimal-4.0.1-dev' from 'https://cache.nixos.org'...
copying 4 paths...
copying path '/nix/store/z1zajk6xp0b03lvpd79l21lmznsy4gn0-mpdecimal-4.0.1-doc' from 'ssh-ng://john@10.201.0.7'...
copying path '/nix/store/bdd931zn3hci7l141s5nf6rjpp8hlsqn-mpdecimal-4.0.1' from 'ssh-ng://john@10.201.0.7'...
copying path '/nix/store/mj4nz458qvkg9dlm5sazbzkc82hl2h6a-mpdecimal-4.0.1-cxx' from 'ssh-ng://john@10.201.0.7'...
copying path '/nix/store/dbk714s6njqwxv4791vjnx1bddbbp592-mpdecimal-4.0.1-dev' from 'ssh-ng://john@10.201.0.7'...
copying path '/nix/store/6vb9biqgwyhykwm6nvfldd2y5grzidqx-pkgconf-2.5.1-doc' from 'https://cache.nixos.org'...
copying path '/nix/store/v5g8789l24i9iv0n9i7r5p8yh7mc7zii-pkgconf-2.5.1-lib' from 'https://cache.nixos.org'...
copying path '/nix/store/lz210isjiid7ynxk0x96ncasfiykh244-pkgconf-2.5.1-man' from 'https://cache.nixos.org'...
copying path '/nix/store/zz0c08509ydz8ahcix7fm9w92vy3m92v-pkgconf-2.5.1' from 'https://cache.nixos.org'...
copying path '/nix/store/4qcanxzck9v5hfpf9zmsn52ipw9mcl3w-pkgconf-2.5.1-dev' from 'https://cache.nixos.org'...
copying 5 paths...
copying path '/nix/store/v5g8789l24i9iv0n9i7r5p8yh7mc7zii-pkgconf-2.5.1-lib' from 'ssh-ng://john@10.201.0.7'...
copying path '/nix/store/6vb9biqgwyhykwm6nvfldd2y5grzidqx-pkgconf-2.5.1-doc' from 'ssh-ng://john@10.201.0.7'...
copying path '/nix/store/lz210isjiid7ynxk0x96ncasfiykh244-pkgconf-2.5.1-man' from 'ssh-ng://john@10.201.0.7'...
copying path '/nix/store/zz0c08509ydz8ahcix7fm9w92vy3m92v-pkgconf-2.5.1' from 'ssh-ng://john@10.201.0.7'...
copying path '/nix/store/4qcanxzck9v5hfpf9zmsn52ipw9mcl3w-pkgconf-2.5.1-dev' from 'ssh-ng://john@10.201.0.7'...
building '/nix/store/mhq2akmsax4zhpi8776wasjki4mfqxb1-pkgconf-wrapper-2.5.1.drv'...
building '/nix/store/j65nh82r90vipid8smi7wgdqbzch7vkz-ncurses-6.6.drv' on 'ssh-ng://john@10.201.0.7'...
building '/nix/store/q3f14yyj56jfy52ady29mqdidcyaxi8j-openpam-20230627.drv' on 'ssh-ng://john@10.201.0.7'...
building '/nix/store/s5kik95lpqlhvhn1ax5i5wrp4gb3fi7y-sigtool-0.1.3.drv' on 'ssh-ng://john@10.201.0.7'...
copying path '/nix/store/kiizgmzhfsvw33qykbzl2plb6w3wxgbn-pkgconf-wrapper-2.5.1' from 'https://cache.nixos.org'...
copying 0 paths...
copying 0 paths...
copying 0 paths...
copying path '/nix/store/3bwwi4v8wzdprbh716qn5v9jzjc60fgz-ncurses-6.6' from 'https://cache.nixos.org'...
copying path '/nix/store/p4n154qy8ks113hgrwnkayx5rj2s7bzc-ncurses-6.6-man' from 'https://cache.nixos.org'...
copying path '/nix/store/y51ix0msaswps3g2mc6yj25l7zpllmp6-ncurses-6.6-dev' from 'https://cache.nixos.org'...
copying 3 paths...
copying path '/nix/store/3bwwi4v8wzdprbh716qn5v9jzjc60fgz-ncurses-6.6' from 'ssh-ng://john@10.201.0.7'...
copying path '/nix/store/p4n154qy8ks113hgrwnkayx5rj2s7bzc-ncurses-6.6-man' from 'ssh-ng://john@10.201.0.7'...
copying path '/nix/store/y51ix0msaswps3g2mc6yj25l7zpllmp6-ncurses-6.6-dev' from 'ssh-ng://john@10.201.0.7'...
building '/nix/store/vrs3q8gbj2adsqnfgzapb3nv60z11nq5-readline-8.3p3.drv' on 'ssh-ng://john@10.201.0.7'...
copying path '/nix/store/8mhwgq0fkk1jxrpgmwrqn6z0i0g58nis-openpam-20230627' from 'https://cache.nixos.org'...
copying path '/nix/store/zv6jf17a6s4jhimwhg5rcpy665y0plb5-sigtool-0.1.3' from 'https://cache.nixos.org'...
copying 1 paths...
copying path '/nix/store/8mhwgq0fkk1jxrpgmwrqn6z0i0g58nis-openpam-20230627' from 'ssh-ng://john@10.201.0.7'...
copying 1 paths...
copying path '/nix/store/zv6jf17a6s4jhimwhg5rcpy665y0plb5-sigtool-0.1.3' from 'ssh-ng://john@10.201.0.7'...
building '/nix/store/scall061q7k91r73rx4bg3n69xi2bfhz-signing-utils.drv' on 'ssh-ng://john@10.201.0.7'...
copying 0 paths...
copying 0 paths...
copying path '/nix/store/y4f8cj1ajkc0k41bxdz160jzqmzn6wwv-signing-utils' from 'https://cache.nixos.org'...
copying path '/nix/store/f5dpkb2hnmck2z0a0ahmmhv7kn5ydgp4-readline-8.3p3-doc' from 'https://cache.nixos.org'...
copying path '/nix/store/1cwr8l2bs20mdiparz7vj9ay0dq8r6xf-readline-8.3p3-info' from 'https://cache.nixos.org'...
copying path '/nix/store/20xy6gn5fqrb27mv5w76kaq2slac0lzf-readline-8.3p3-man' from 'https://cache.nixos.org'...
copying path '/nix/store/s0nz4jn50agbz118yc2ww9xa8za8kw56-readline-8.3p3' from 'https://cache.nixos.org'...
copying 1 paths...
copying path '/nix/store/y4f8cj1ajkc0k41bxdz160jzqmzn6wwv-signing-utils' from 'ssh-ng://john@10.201.0.7'...
copying path '/nix/store/6hdafi2sx2674k3m9hbw85ia4rdqgq2w-readline-8.3p3-dev' from 'https://cache.nixos.org'...
building '/nix/store/2lb1gwyp2hapapj2154bq2sjs336zc42-nuke-refs.drv'...
building '/nix/store/fx5qjc40namc2pbvdw21x49zjrmswjg4-remove-references-to.drv'...
copying 5 paths...
copying path '/nix/store/1cwr8l2bs20mdiparz7vj9ay0dq8r6xf-readline-8.3p3-info' from 'ssh-ng://john@10.201.0.7'...
copying path '/nix/store/s0nz4jn50agbz118yc2ww9xa8za8kw56-readline-8.3p3' from 'ssh-ng://john@10.201.0.7'...
copying path '/nix/store/f5dpkb2hnmck2z0a0ahmmhv7kn5ydgp4-readline-8.3p3-doc' from 'ssh-ng://john@10.201.0.7'...
copying path '/nix/store/20xy6gn5fqrb27mv5w76kaq2slac0lzf-readline-8.3p3-man' from 'ssh-ng://john@10.201.0.7'...
copying path '/nix/store/6hdafi2sx2674k3m9hbw85ia4rdqgq2w-readline-8.3p3-dev' from 'ssh-ng://john@10.201.0.7'...
building '/nix/store/zr3y7kal25cx4184sllf8md554n7kbr7-bc-1.08.2.drv' on 'ssh-ng://john@10.201.0.7'...
building '/nix/store/mvc9z61iknh764c0kyc75sxb2jbd30ig-lua-5.2.4.drv' on 'ssh-ng://john@10.201.0.7'...
copying 0 paths...
building '/nix/store/7pzpdmk3f88yp18kdlxi18s3fdjx6xix-jq-1.8.1.drv' on 'ssh-ng://john@10.201.0.7'...
building '/nix/store/qb7zamihb7ywsbk8cfqznqvj02057rbf-python3-3.13.13.drv' on 'ssh-ng://john@10.201.0.7'...
copying 0 paths...
disabling binary cache 'http://10.201.0.3:8083/main' for 60 seconds
error: unable to download 'http://10.201.0.3:8083/main/8p2iavfwryhpf7s1dj2imglrlyld3qma.narinfo': Timeout was reached (28) Operation timed out after 3000 milliseconds with 0 bytes received
copying path '/nix/store/8p2iavfwryhpf7s1dj2imglrlyld3qma-lua-5.2.4-doc' from 'https://cache.nixos.org'...
copying path '/nix/store/6zivvaa31cd36j1vrw04gsj119yxc48r-lua-5.2.4' from 'https://cache.nixos.org'...
copying 2 paths...
copying path '/nix/store/6zivvaa31cd36j1vrw04gsj119yxc48r-lua-5.2.4' from 'ssh-ng://john@10.201.0.7'...
copying path '/nix/store/8p2iavfwryhpf7s1dj2imglrlyld3qma-lua-5.2.4-doc' from 'ssh-ng://john@10.201.0.7'...
copying path '/nix/store/4gd8dcw5k7ligqiina2fvps7pvg1amq8-bc-1.08.2' from 'https://cache.nixos.org'...
building '/nix/store/yxr6j3lcs9rhak9rw11fh1zbh1k39cja-lutok-0.4.drv' on 'ssh-ng://john@10.201.0.7'...
copying path '/nix/store/llagh4n9dxq8ja4116bzlk918rd8za2z-remove-references-to' from 'https://cache.nixos.org'...
copying 1 paths...
copying path '/nix/store/4gd8dcw5k7ligqiina2fvps7pvg1amq8-bc-1.08.2' from 'ssh-ng://john@10.201.0.7'...
copying 0 paths...
building '/nix/store/z3yhbva4qfxfks64isljgxyxv8qpg9bi-bmake-20260313.drv' on 'ssh-ng://john@10.201.0.7'...
copying path '/nix/store/7fhllmsrgbj2mwd03xl7p84rzk8g9fay-nuke-refs' from 'https://cache.nixos.org'...
copying 0 paths...
copying 0 paths...
copying 0 paths...
disabling binary cache 'http://10.201.0.3:8083/main' for 60 seconds
error: unable to download 'http://10.201.0.3:8083/main/d004xlv0bs707sic4hqczm350nlwivxa.narinfo': Timeout was reached (28) Operation timed out after 3002 milliseconds with 0 bytes received
copying path '/nix/store/p3r36zg9zrg4f7nz8al5jnhzdx2c3865-python3-3.13.13' from 'https://cache.nixos.org'...
copying path '/nix/store/d004xlv0bs707sic4hqczm350nlwivxa-lutok-0.4' from 'https://cache.nixos.org'...
copying path '/nix/store/a3xq165rfj0627larf2bgk1jj3jzvarq-lutok-0.4-dev' from 'https://cache.nixos.org'...
copying path '/nix/store/5l8y7z72vpi3v0bgmp1q3ysizsiwskfc-jq-1.8.1-man' from 'https://cache.nixos.org'...
copying path '/nix/store/0mlckv01s6zcqkmrs3va15igniglhlpx-jq-1.8.1-doc' from 'https://cache.nixos.org'...
copying path '/nix/store/1habkl9cc4l8mxdcfwz7dba0kjh3xm02-jq-1.8.1' from 'https://cache.nixos.org'...
copying 2 paths...
copying path '/nix/store/d004xlv0bs707sic4hqczm350nlwivxa-lutok-0.4' from 'ssh-ng://john@10.201.0.7'...
copying path '/nix/store/s4hcyz3nnvayy701zy6fdv60a4w2afrd-jq-1.8.1-bin' from 'https://cache.nixos.org'...
copying path '/nix/store/a3xq165rfj0627larf2bgk1jj3jzvarq-lutok-0.4-dev' from 'ssh-ng://john@10.201.0.7'...
copying path '/nix/store/087n9pn0nw6iz6fsj5na28b64i03yz24-jq-1.8.1-dev' from 'https://cache.nixos.org'...
building '/nix/store/81d03rgg92l2q4zwwhs3pkcpazd5iyjj-kyua-0.13-unstable-2024-01-22.drv' on 'ssh-ng://john@10.201.0.7'...
copying 5 paths...
copying path '/nix/store/5l8y7z72vpi3v0bgmp1q3ysizsiwskfc-jq-1.8.1-man' from 'ssh-ng://john@10.201.0.7'...
copying path '/nix/store/1habkl9cc4l8mxdcfwz7dba0kjh3xm02-jq-1.8.1' from 'ssh-ng://john@10.201.0.7'...
copying path '/nix/store/0mlckv01s6zcqkmrs3va15igniglhlpx-jq-1.8.1-doc' from 'ssh-ng://john@10.201.0.7'...
copying path '/nix/store/xsmg3rfy24m2lwr89ny2gi0mnb07lamb-bmake-20260313' from 'https://cache.nixos.org'...
copying path '/nix/store/7g89kaznp7xfy391lhz94vxi013rwrck-bmake-20260313-man' from 'https://cache.nixos.org'...
copying 2 paths...
copying path '/nix/store/7g89kaznp7xfy391lhz94vxi013rwrck-bmake-20260313-man' from 'ssh-ng://john@10.201.0.7'...
copying path '/nix/store/xsmg3rfy24m2lwr89ny2gi0mnb07lamb-bmake-20260313' from 'ssh-ng://john@10.201.0.7'...
copying 0 paths...
copying path '/nix/store/s4hcyz3nnvayy701zy6fdv60a4w2afrd-jq-1.8.1-bin' from 'ssh-ng://john@10.201.0.7'...
copying path '/nix/store/087n9pn0nw6iz6fsj5na28b64i03yz24-jq-1.8.1-dev' from 'ssh-ng://john@10.201.0.7'...
building '/nix/store/gpss5lpfq5wck6ixxd6ji05aq4amsx41-apple-sdk-14.4.drv' on 'ssh-ng://john@10.201.0.7'...
copying 1 paths...
copying path '/nix/store/p3r36zg9zrg4f7nz8al5jnhzdx2c3865-python3-3.13.13' from 'ssh-ng://john@10.201.0.7'...
copying 0 paths...
copying path '/nix/store/0fz3z3yfjbidiiq7z99j8d5gqfyhmvi7-apple-sdk-14.4' from 'https://cache.nixos.org'...
copying path '/nix/store/d1hmigmg4xkgninx9fxh5cz54gjpwsik-kyua-0.13-unstable-2024-01-22' from 'https://cache.nixos.org'...
copying 1 paths...
copying path '/nix/store/d1hmigmg4xkgninx9fxh5cz54gjpwsik-kyua-0.13-unstable-2024-01-22' from 'ssh-ng://john@10.201.0.7'...
building '/nix/store/725j7p6192r9bbqn4nkvnsqkdhz5chfl-lutok-0.4.drv' on 'ssh-ng://john@10.201.0.7'...
copying 0 paths...
copying 1 paths...
copying path '/nix/store/0fz3z3yfjbidiiq7z99j8d5gqfyhmvi7-apple-sdk-14.4' from 'ssh-ng://john@10.201.0.7'...
copying path '/nix/store/gznyhmnwsrnjjq6p80m003d68dmp4nws-lutok-0.4' from 'https://cache.nixos.org'...
copying path '/nix/store/r1kflvadayx3g739a7xns85y61g7zcfw-lutok-0.4-dev' from 'https://cache.nixos.org'...
copying 2 paths...
copying path '/nix/store/gznyhmnwsrnjjq6p80m003d68dmp4nws-lutok-0.4' from 'ssh-ng://john@10.201.0.7'...
copying path '/nix/store/r1kflvadayx3g739a7xns85y61g7zcfw-lutok-0.4-dev' from 'ssh-ng://john@10.201.0.7'...
building '/nix/store/fjl64d2ixfy19xcpn2wj5xrhv8rha61j-kyua-0.13-unstable-2024-01-22.drv' on 'ssh-ng://john@10.201.0.7'...
copying 0 paths...
building '/nix/store/xnlsc7x2vhdxjlbzznchwl1m5a3bwdqw-AvailabilityVersions-155.drv' on 'ssh-ng://john@10.201.0.7'...
building '/nix/store/22v7jlr0lmp4p0d3fdav7zk79jrync1c-python-catch-conflicts-hook.drv' on 'ssh-ng://john@10.201.0.7'...
building '/nix/store/40ygg7zkrlif24c8v5jx51kpyznalhhz-python-imports-check-hook.sh.drv' on 'ssh-ng://john@10.201.0.7'...
building '/nix/store/7shh6q3zbpisk0i5r6v55lslkvgsvy8x-python3.13-bootstrap-flit-core-3.12.0.drv' on 'ssh-ng://john@10.201.0.7'...
building '/nix/store/f72kbf2mykji7nkyjfdrnym06ymy01c1-re2c-4.5.1.drv' on 'ssh-ng://john@10.201.0.7'...
copying 0 paths...
copying 0 paths...
copying 0 paths...
copying 0 paths...
copying 0 paths...
copying path '/nix/store/cpfb77hjdanbyz63qzpphxzc605y7j8i-python-catch-conflicts-hook' from 'https://cache.nixos.org'...
copying path '/nix/store/gh2zha4h3lnn86534qipdp1p8nsn5ksz-python3.13-bootstrap-flit-core-3.12.0' from 'https://cache.nixos.org'...
copying path '/nix/store/inn250ww8rnc3d8zqsn5rsi431qwgybz-python-imports-check-hook.sh' from 'https://cache.nixos.org'...
copying path '/nix/store/1nysy3dci26j4nka0k7h510964l4rm90-AvailabilityVersions-155' from 'https://cache.nixos.org'...
copying path '/nix/store/xwkbyzvap4nndi7l8jr8h7ayw9qm6hyw-re2c-4.5.1' from 'https://cache.nixos.org'...
copying path '/nix/store/7lbmabwhm6h09z9jrwkcy5svdg1d35bp-kyua-0.13-unstable-2024-01-22' from 'https://cache.nixos.org'...
copying 1 paths...
copying 1 paths...
copying 1 paths...
copying 1 paths...
copying path '/nix/store/cpfb77hjdanbyz63qzpphxzc605y7j8i-python-catch-conflicts-hook' from 'ssh-ng://john@10.201.0.7'...
copying path '/nix/store/inn250ww8rnc3d8zqsn5rsi431qwgybz-python-imports-check-hook.sh' from 'ssh-ng://john@10.201.0.7'...
copying path '/nix/store/gh2zha4h3lnn86534qipdp1p8nsn5ksz-python3.13-bootstrap-flit-core-3.12.0' from 'ssh-ng://john@10.201.0.7'...
copying path '/nix/store/1nysy3dci26j4nka0k7h510964l4rm90-AvailabilityVersions-155' from 'ssh-ng://john@10.201.0.7'...
copying 1 paths...
copying path '/nix/store/xwkbyzvap4nndi7l8jr8h7ayw9qm6hyw-re2c-4.5.1' from 'ssh-ng://john@10.201.0.7'...
